<?xml version="1.0" encoding="UTF-8"?>
<!-- Generated by org.testng.reporters.JUnitReportReporter -->
<testsuite skipped="0" hostname="DESKTOP-3L3SNLT" name="myclass" tests="2" failures="0" timestamp="2020-02-26T20:09:41 IST" time="31.261" errors="0">
  <testcase name="s" time="19.016" classname="myclass"/>
  <system-out/>
  <testcase name="f" time="12.245" classname="myclass"/>
  <system-out/>
</testsuite> <!-- myclass -->
